<?xml version="1.0" encoding="UTF-8"?>
<!-- Generated by org.testng.reporters.JUnitXMLReporter -->
<testsuite ignored="0" hostname="DESKTOP-THC7EE7" failures="0" tests="6" name="Default test" time="0.112" errors="0" timestamp="2021-06-14T12:42:43 IST">
  <testcase classname="qaclickacademy.AppiumTest" name="postIOSApps" time="0.01"/>
  <testcase classname="qaclickacademy.AppiumTest" name="postnativeAppAndroid" time="0.002"/>
  <testcase classname="qaclickacademy.RESTAPITest" name="postJira" time="0.001"/>
  <testcase classname="qaclickacademy.RESTAPITest" name="twitterDelete" time="0.005"/>
  <testcase classname="qaclickacademy.SeleniumTest" name="BrowserAutomation" time="0.002"/>
  <testcase classname="qaclickacademy.SeleniumTest" name="elementUI" time="0.002"/>
</testsuite> <!-- Default test -->
