<?xml version="1.0" encoding="UTF-8"?>
<testng-results ignored="0" total="6" passed="6" failed="0" skipped="0">
  <reporter-output>
  </reporter-output>
  <suite started-at="2021-06-14T16:47:23 IST" name="Command line suite" finished-at="2021-06-14T16:47:23 IST" duration-ms="114">
    <groups>
    </groups>
    <test started-at="2021-06-14T16:47:23 IST" name="Command line test" finished-at="2021-06-14T16:47:23 IST" duration-ms="114">
      <class name="qaclickacademy.AppiumTest">
        <test-method signature="postIOSApps()[pri:0, instance:qaclickacademy.AppiumTest@35cabb2a]" started-at="2021-06-14T16:47:23 IST" name="postIOSApps" finished-at="2021-06-14T16:47:23 IST" duration-ms="32" status="PASS">
          <reporter-output>
          </reporter-output>
        </test-method> <!-- postIOSApps -->
        <test-method signature="postnativeAppAndroid()[pri:0, instance:qaclickacademy.AppiumTest@35cabb2a]" started-at="2021-06-14T16:47:23 IST" name="postnativeAppAndroid" finished-at="2021-06-14T16:47:23 IST" duration-ms="0" status="PASS">
          <reporter-output>
          </reporter-output>
        </test-method> <!-- postnativeAppAndroid -->
      </class> <!-- qaclickacademy.AppiumTest -->
      <class name="qaclickacademy.RESTAPITest">
        <test-method signature="postJira()[pri:0, instance:qaclickacademy.RESTAPITest@223191a6]" started-at="2021-06-14T16:47:23 IST" name="postJira" finished-at="2021-06-14T16:47:23 IST" duration-ms="1" status="PASS">
          <reporter-output>
          </reporter-output>
        </test-method> <!-- postJira -->
        <test-method signature="twitterDelete()[pri:0, instance:qaclickacademy.RESTAPITest@223191a6]" started-at="2021-06-14T16:47:23 IST" name="twitterDelete" finished-at="2021-06-14T16:47:23 IST" duration-ms="1" status="PASS">
          <reporter-output>
          </reporter-output>
        </test-method> <!-- twitterDelete -->
      </class> <!-- qaclickacademy.RESTAPITest -->
      <class name="qaclickacademy.SeleniumTest">
        <test-method signature="BrowserAutomation()[pri:0, instance:qaclickacademy.SeleniumTest@49139829]" started-at="2021-06-14T16:47:23 IST" name="BrowserAutomation" finished-at="2021-06-14T16:47:23 IST" duration-ms="0" status="PASS">
          <reporter-output>
          </reporter-output>
        </test-method> <!-- BrowserAutomation -->
        <test-method signature="elementUI()[pri:0, instance:qaclickacademy.SeleniumTest@49139829]" started-at="2021-06-14T16:47:23 IST" name="elementUI" finished-at="2021-06-14T16:47:23 IST" duration-ms="0" status="PASS">
          <reporter-output>
          </reporter-output>
        </test-method> <!-- elementUI -->
      </class> <!-- qaclickacademy.SeleniumTest -->
    </test> <!-- Command line test -->
  </suite> <!-- Command line suite -->
</testng-results>
