<?xml version="1.0" encoding="UTF-8"?>
<testng-results ignored="0" total="6" passed="6" failed="0" skipped="0">
  <reporter-output>
  </reporter-output>
  <suite started-at="2021-06-14T12:42:43 IST" name="Default suite" finished-at="2021-06-14T12:42:43 IST" duration-ms="112">
    <groups>
    </groups>
    <test started-at="2021-06-14T12:42:43 IST" name="Default test" finished-at="2021-06-14T12:42:43 IST" duration-ms="112">
      <class name="qaclickacademy.AppiumTest">
        <test-method signature="postIOSApps()[pri:0, instance:qaclickacademy.AppiumTest@59af0466]" started-at="2021-06-14T12:42:43 IST" name="postIOSApps" finished-at="2021-06-14T12:42:43 IST" duration-ms="10" status="PASS">
          <reporter-output>
          </reporter-output>
        </test-method> <!-- postIOSApps -->
        <test-method signature="postnativeAppAndroid()[pri:0, instance:qaclickacademy.AppiumTest@59af0466]" started-at="2021-06-14T12:42:43 IST" name="postnativeAppAndroid" finished-at="2021-06-14T12:42:43 IST" duration-ms="2" status="PASS">
          <reporter-output>
          </reporter-output>
        </test-method> <!-- postnativeAppAndroid -->
      </class> <!-- qaclickacademy.AppiumTest -->
      <class name="qaclickacademy.RESTAPITest">
        <test-method signature="postJira()[pri:0, instance:qaclickacademy.RESTAPITest@3e6ef8ad]" started-at="2021-06-14T12:42:43 IST" name="postJira" finished-at="2021-06-14T12:42:43 IST" duration-ms="1" status="PASS">
          <reporter-output>
          </reporter-output>
        </test-method> <!-- postJira -->
        <test-method signature="twitterDelete()[pri:0, instance:qaclickacademy.RESTAPITest@3e6ef8ad]" started-at="2021-06-14T12:42:43 IST" name="twitterDelete" finished-at="2021-06-14T12:42:43 IST" duration-ms="5" status="PASS">
          <reporter-output>
          </reporter-output>
        </test-method> <!-- twitterDelete -->
      </class> <!-- qaclickacademy.RESTAPITest -->
      <class name="qaclickacademy.SeleniumTest">
        <test-method signature="BrowserAutomation()[pri:0, instance:qaclickacademy.SeleniumTest@346d61be]" started-at="2021-06-14T12:42:43 IST" name="BrowserAutomation" finished-at="2021-06-14T12:42:43 IST" duration-ms="2" status="PASS">
          <reporter-output>
          </reporter-output>
        </test-method> <!-- BrowserAutomation -->
        <test-method signature="elementUI()[pri:0, instance:qaclickacademy.SeleniumTest@346d61be]" started-at="2021-06-14T12:42:43 IST" name="elementUI" finished-at="2021-06-14T12:42:43 IST" duration-ms="2" status="PASS">
          <reporter-output>
          </reporter-output>
        </test-method> <!-- elementUI -->
      </class> <!-- qaclickacademy.SeleniumTest -->
    </test> <!-- Default test -->
  </suite> <!-- Default suite -->
</testng-results>
